169
92
128
178
70
89
149
89
66
108
79
96
112
85
102
31
80
136
149
53
102
40
121
122
85
39
171
129
132
177
30
111
41
75
70
119
127
81
98
93
95
154
172
54
153
92
144
51
112
133
621365
1611812
164068
1322999
1143809
1187408
1557581
933727
1383554
575063
1303169
1066148
1643868
1725156
819636
1482423
1051850
531551
1419989
434843
384399
854561
939522
621638
1446423
744489
1448519
144863
616297
1136476
789867
1425992
1262191
606693
844798
795038
1212843
720234
470592
991795
603983
1215665
1128682
1177595
1263253
697266
1482028
960246
597154
975457
